<?xml version="1.0" encoding="UTF-8"?>
<coverage generated="1682267611016" clover="3.2.0">
  <project timestamp="1682267611017" name="All files">
    <metrics statements="109" coveredstatements="109" conditionals="25" coveredconditionals="25" methods="36" coveredmethods="36" elements="170" coveredelements="170" complexity="0" loc="109" ncloc="109" packages="1" files="9" classes="9"/>
    <file name="address.ts" path="D:\projects\STH-CORE\crypto-identities\src\address.ts">
      <metrics statements="25" coveredstatements="25" conditionals="4" coveredconditionals="4" methods="8" coveredmethods="8"/>
      <line num="1" count="2" type="stmt"/>
      <line num="3" count="2" type="stmt"/>
      <line num="4" count="2" type="stmt"/>
      <line num="6" count="2" type="stmt"/>
      <line num="8" count="2" type="stmt"/>
      <line num="10" count="1" type="stmt"/>
      <line num="14" count="23" type="cond" truecount="2" falsecount="0"/>
      <line num="15" count="1" type="stmt"/>
      <line num="18" count="22" type="stmt"/>
      <line num="19" count="22" type="stmt"/>
      <line num="21" count="22" type="stmt"/>
      <line num="22" count="22" type="stmt"/>
      <line num="24" count="22" type="stmt"/>
      <line num="28" count="2" type="stmt"/>
      <line num="32" count="19" type="stmt"/>
      <line num="36" count="1" type="stmt"/>
      <line num="40" count="23" type="stmt"/>
      <line num="47" count="3" type="stmt"/>
      <line num="48" count="3" type="stmt"/>
      <line num="52" count="3" type="cond" truecount="2" falsecount="0"/>
      <line num="53" count="1" type="stmt"/>
      <line num="56" count="3" type="stmt"/>
      <line num="60" count="4" type="stmt"/>
      <line num="61" count="4" type="stmt"/>
      <line num="63" count="1" type="stmt"/>
    </file>
    <file name="base58.ts" path="D:\projects\STH-CORE\crypto-identities\src\base58.ts">
      <metrics statements="18" coveredstatements="18" conditionals="2" coveredconditionals="2" methods="4" coveredmethods="4"/>
      <line num="1" count="3" type="stmt"/>
      <line num="2" count="3" type="stmt"/>
      <line num="4" count="3" type="stmt"/>
      <line num="5" count="3" type="stmt"/>
      <line num="6" count="3" type="stmt"/>
      <line num="8" count="3" type="stmt"/>
      <line num="9" count="19" type="stmt"/>
      <line num="11" count="19" type="stmt"/>
      <line num="14" count="3" type="stmt"/>
      <line num="15" count="7" type="stmt"/>
      <line num="16" count="6" type="stmt"/>
      <line num="17" count="6" type="stmt"/>
      <line num="19" count="6" type="cond" truecount="2" falsecount="0"/>
      <line num="20" count="1" type="stmt"/>
      <line num="23" count="5" type="stmt"/>
      <line num="26" count="3" type="stmt"/>
      <line num="31" count="3" type="stmt"/>
      <line num="39" count="3" type="stmt"/>
    </file>
    <file name="cache.ts" path="D:\projects\STH-CORE\crypto-identities\src\cache.ts">
      <metrics statements="9" coveredstatements="9" conditionals="2" coveredconditionals="2" methods="5" coveredmethods="5"/>
      <line num="1" count="4" type="stmt"/>
      <line num="2" count="11" type="stmt"/>
      <line num="4" count="11" type="stmt"/>
      <line num="7" count="4" type="stmt"/>
      <line num="11" count="36" type="stmt"/>
      <line num="15" count="37" type="stmt"/>
      <line num="17" count="37" type="cond" truecount="2" falsecount="0"/>
      <line num="18" count="1" type="stmt"/>
      <line num="23" count="1" type="stmt"/>
    </file>
    <file name="hash-algorithms.ts" path="D:\projects\STH-CORE\crypto-identities\src\hash-algorithms.ts">
      <metrics statements="14" coveredstatements="14" conditionals="4" coveredconditionals="4" methods="6" coveredmethods="6"/>
      <line num="1" count="7" type="stmt"/>
      <line num="3" count="7" type="stmt"/>
      <line num="5" count="26" type="stmt"/>
      <line num="9" count="1" type="stmt"/>
      <line num="13" count="91" type="cond" truecount="2" falsecount="0"/>
      <line num="14" count="1" type="stmt"/>
      <line num="16" count="1" type="stmt"/>
      <line num="18" count="1" type="stmt"/>
      <line num="19" count="2" type="stmt"/>
      <line num="22" count="1" type="stmt"/>
      <line num="25" count="90" type="stmt"/>
      <line num="29" count="1" type="stmt"/>
      <line num="33" count="26" type="stmt"/>
      <line num="37" count="144" type="cond" truecount="2" falsecount="0"/>
    </file>
    <file name="helpers.ts" path="D:\projects\STH-CORE\crypto-identities\src\helpers.ts">
      <metrics statements="3" coveredstatements="3" conditionals="1" coveredconditionals="1" methods="1" coveredmethods="1"/>
      <line num="1" count="4" type="cond" truecount="1" falsecount="0"/>
      <line num="2" count="42" type="stmt"/>
      <line num="4" count="42" type="stmt"/>
    </file>
    <file name="keys.ts" path="D:\projects\STH-CORE\crypto-identities\src\keys.ts">
      <metrics statements="12" coveredstatements="12" conditionals="6" coveredconditionals="6" methods="3" coveredmethods="3"/>
      <line num="1" count="5" type="stmt"/>
      <line num="3" count="5" type="stmt"/>
      <line num="6" count="5" type="stmt"/>
      <line num="7" count="5" type="stmt"/>
      <line num="9" count="5" type="stmt"/>
      <line num="11" count="88" type="stmt"/>
      <line num="15" count="89" type="cond" truecount="2" falsecount="0"/>
      <line num="17" count="89" type="stmt"/>
      <line num="25" count="9" type="stmt"/>
      <line num="27" count="8" type="cond" truecount="2" falsecount="0"/>
      <line num="28" count="1" type="stmt"/>
      <line num="31" count="7" type="stmt"/>
    </file>
    <file name="private-key.ts" path="D:\projects\STH-CORE\crypto-identities\src\private-key.ts">
      <metrics statements="4" coveredstatements="4" conditionals="0" coveredconditionals="0" methods="2" coveredmethods="2"/>
      <line num="1" count="1" type="stmt"/>
      <line num="3" count="1" type="stmt"/>
      <line num="5" count="1" type="stmt"/>
      <line num="9" count="1" type="stmt"/>
    </file>
    <file name="public-key.ts" path="D:\projects\STH-CORE\crypto-identities\src\public-key.ts">
      <metrics statements="18" coveredstatements="18" conditionals="6" coveredconditionals="6" methods="5" coveredmethods="5"/>
      <line num="1" count="3" type="stmt"/>
      <line num="4" count="3" type="stmt"/>
      <line num="5" count="3" type="stmt"/>
      <line num="6" count="3" type="stmt"/>
      <line num="8" count="3" type="stmt"/>
      <line num="10" count="82" type="stmt"/>
      <line num="14" count="3" type="stmt"/>
      <line num="18" count="44" type="stmt"/>
      <line num="20" count="44" type="stmt"/>
      <line num="21" count="482" type="cond" truecount="2" falsecount="0"/>
      <line num="22" count="2" type="stmt"/>
      <line num="26" count="42" type="cond" truecount="4" falsecount="0"/>
      <line num="27" count="4" type="stmt"/>
      <line num="30" count="38" type="stmt"/>
      <line num="31" count="38" type="stmt"/>
      <line num="33" count="38" type="stmt"/>
      <line num="34" count="512" type="stmt"/>
      <line num="39" count="525" type="stmt"/>
    </file>
    <file name="wif.ts" path="D:\projects\STH-CORE\crypto-identities\src\wif.ts">
      <metrics statements="6" coveredstatements="6" conditionals="0" coveredconditionals="0" methods="2" coveredmethods="2"/>
      <line num="2" count="1" type="stmt"/>
      <line num="5" count="1" type="stmt"/>
      <line num="7" count="1" type="stmt"/>
      <line num="9" count="1" type="stmt"/>
      <line num="11" count="1" type="stmt"/>
      <line num="15" count="1" type="stmt"/>
    </file>
  </project>
</coverage>
