{"D:\\projects\\STH-CORE\\crypto-identities\\src\\address.ts": {"path":"D:\\projects\\STH-CORE\\crypto-identities\\src\\address.ts","statementMap":{"0":{"start":{"line":1,"column":0},"end":{"line":1,"column":34}},"1":{"start":{"line":3,"column":0},"end":{"line":3,"column":42}},"2":{"start":{"line":4,"column":0},"end":{"line":4,"column":51}},"3":{"start":{"line":6,"column":0},"end":{"line":6,"column":41}},"4":{"start":{"line":10,"column":8},"end":{"line":10,"column":84}},"5":{"start":{"line":14,"column":8},"end":{"line":16,"column":null}},"6":{"start":{"line":15,"column":12},"end":{"line":15,"column":48}},"7":{"start":{"line":18,"column":31},"end":{"line":18,"column":86}},"8":{"start":{"line":19,"column":32},"end":{"line":19,"column":48}},"9":{"start":{"line":21,"column":8},"end":{"line":21,"column":50}},"10":{"start":{"line":22,"column":8},"end":{"line":22,"column":32}},"11":{"start":{"line":24,"column":8},"end":{"line":24,"column":40}},"12":{"start":{"line":28,"column":8},"end":{"line":28,"column":79}},"13":{"start":{"line":32,"column":8},"end":{"line":32,"column":85}},"14":{"start":{"line":36,"column":8},"end":{"line":36,"column":68}},"15":{"start":{"line":40,"column":8},"end":{"line":40,"column":42}},"16":{"start":{"line":47,"column":31},"end":{"line":47,"column":58}},"17":{"start":{"line":48,"column":73},"end":{"line":50,"column":10}},"18":{"start":{"line":52,"column":8},"end":{"line":54,"column":null}},"19":{"start":{"line":53,"column":12},"end":{"line":53,"column":111}},"20":{"start":{"line":56,"column":8},"end":{"line":56,"column":22}},"21":{"start":{"line":60,"column":8},"end":{"line":64,"column":null}},"22":{"start":{"line":61,"column":12},"end":{"line":61,"column":73}},"23":{"start":{"line":63,"column":12},"end":{"line":63,"column":25}},"24":{"start":{"line":8,"column":0},"end":{"line":8,"column":13}}},"fnMap":{"0":{"name":"(anonymous_0)","decl":{"start":{"line":9,"column":11},"end":{"line":9,"column":17}},"loc":{"start":{"line":9,"column":84},"end":{"line":11,"column":5}}},"1":{"name":"(anonymous_1)","decl":{"start":{"line":13,"column":11},"end":{"line":13,"column":17}},"loc":{"start":{"line":13,"column":82},"end":{"line":25,"column":5}}},"2":{"name":"(anonymous_2)","decl":{"start":{"line":27,"column":11},"end":{"line":27,"column":17}},"loc":{"start":{"line":27,"column":83},"end":{"line":29,"column":5}}},"3":{"name":"(anonymous_3)","decl":{"start":{"line":31,"column":11},"end":{"line":31,"column":17}},"loc":{"start":{"line":31,"column":101},"end":{"line":33,"column":5}}},"4":{"name":"(anonymous_4)","decl":{"start":{"line":35,"column":11},"end":{"line":35,"column":17}},"loc":{"start":{"line":35,"column":85},"end":{"line":37,"column":5}}},"5":{"name":"(anonymous_5)","decl":{"start":{"line":39,"column":11},"end":{"line":39,"column":17}},"loc":{"start":{"line":39,"column":43},"end":{"line":41,"column":5}}},"6":{"name":"(anonymous_6)","decl":{"start":{"line":43,"column":11},"end":{"line":43,"column":17}},"loc":{"start":{"line":45,"column":39},"end":{"line":57,"column":5}}},"7":{"name":"(anonymous_7)","decl":{"start":{"line":59,"column":11},"end":{"line":59,"column":17}},"loc":{"start":{"line":59,"column":75},"end":{"line":65,"column":5}}}},"branchMap":{"0":{"loc":{"start":{"line":14,"column":8},"end":{"line":16,"column":null}},"type":"if","locations":[{"start":{"line":14,"column":8},"end":{"line":16,"column":null}},{"start":{"line":14,"column":8},"end":{"line":16,"column":null}}]},"1":{"loc":{"start":{"line":52,"column":8},"end":{"line":54,"column":null}},"type":"if","locations":[{"start":{"line":52,"column":8},"end":{"line":54,"column":null}},{"start":{"line":52,"column":8},"end":{"line":54,"column":null}}]}},"s":{"0":2,"1":2,"2":2,"3":2,"4":1,"5":23,"6":1,"7":22,"8":22,"9":22,"10":22,"11":22,"12":2,"13":19,"14":1,"15":23,"16":3,"17":3,"18":3,"19":1,"20":3,"21":4,"22":4,"23":1,"24":2},"f":{"0":1,"1":23,"2":2,"3":19,"4":1,"5":23,"6":3,"7":4},"b":{"0":[1,22],"1":[1,2]}}
,"D:\\projects\\STH-CORE\\crypto-identities\\src\\base58.ts": {"path":"D:\\projects\\STH-CORE\\crypto-identities\\src\\base58.ts","statementMap":{"0":{"start":{"line":1,"column":0},"end":{"line":1,"column":33}},"1":{"start":{"line":2,"column":0},"end":{"line":2,"column":33}},"2":{"start":{"line":4,"column":0},"end":{"line":4,"column":32}},"3":{"start":{"line":5,"column":0},"end":{"line":5,"column":54}},"4":{"start":{"line":6,"column":0},"end":{"line":6,"column":51}},"5":{"start":{"line":8,"column":20},"end":{"line":12,"column":1}},"6":{"start":{"line":9,"column":29},"end":{"line":9,"column":59}},"7":{"start":{"line":11,"column":4},"end":{"line":11,"column":79}},"8":{"start":{"line":14,"column":20},"end":{"line":24,"column":1}},"9":{"start":{"line":15,"column":27},"end":{"line":15,"column":49}},"10":{"start":{"line":16,"column":28},"end":{"line":16,"column":47}},"11":{"start":{"line":17,"column":29},"end":{"line":17,"column":60}},"12":{"start":{"line":19,"column":4},"end":{"line":21,"column":null}},"13":{"start":{"line":20,"column":8},"end":{"line":20,"column":47}},"14":{"start":{"line":23,"column":4},"end":{"line":23,"column":19}},"15":{"start":{"line":26,"column":13},"end":{"line":43,"column":2}},"16":{"start":{"line":31,"column":16},"end":{"line":31,"column":56}},"17":{"start":{"line":39,"column":16},"end":{"line":39,"column":56}}},"fnMap":{"0":{"name":"(anonymous_1)","decl":{"start":{"line":8,"column":20},"end":{"line":8,"column":21}},"loc":{"start":{"line":8,"column":47},"end":{"line":12,"column":1}}},"1":{"name":"(anonymous_2)","decl":{"start":{"line":14,"column":20},"end":{"line":14,"column":21}},"loc":{"start":{"line":14,"column":48},"end":{"line":24,"column":1}}},"2":{"name":"(anonymous_3)","decl":{"start":{"line":30,"column":20},"end":{"line":30,"column":23}},"loc":{"start":{"line":30,"column":25},"end":{"line":32,"column":13}}},"3":{"name":"(anonymous_4)","decl":{"start":{"line":38,"column":20},"end":{"line":38,"column":23}},"loc":{"start":{"line":38,"column":25},"end":{"line":40,"column":13}}}},"branchMap":{"0":{"loc":{"start":{"line":19,"column":4},"end":{"line":21,"column":null}},"type":"if","locations":[{"start":{"line":19,"column":4},"end":{"line":21,"column":null}},{"start":{"line":19,"column":4},"end":{"line":21,"column":null}}]}},"s":{"0":3,"1":3,"2":3,"3":3,"4":3,"5":3,"6":19,"7":19,"8":3,"9":7,"10":6,"11":6,"12":6,"13":1,"14":5,"15":3,"16":3,"17":3},"f":{"0":19,"1":7,"2":3,"3":3},"b":{"0":[1,5]}}
,"D:\\projects\\STH-CORE\\crypto-identities\\src\\cache.ts": {"path":"D:\\projects\\STH-CORE\\crypto-identities\\src\\cache.ts","statementMap":{"0":{"start":{"line":4,"column":40},"end":{"line":4,"column":55}},"1":{"start":{"line":2,"column":21},"end":{"line":2,"column":45}},"2":{"start":{"line":7,"column":8},"end":{"line":7,"column":35}},"3":{"start":{"line":11,"column":8},"end":{"line":11,"column":35}},"4":{"start":{"line":15,"column":8},"end":{"line":15,"column":35}},"5":{"start":{"line":17,"column":8},"end":{"line":19,"column":null}},"6":{"start":{"line":18,"column":12},"end":{"line":18,"column":47}},"7":{"start":{"line":23,"column":8},"end":{"line":23,"column":46}},"8":{"start":{"line":1,"column":0},"end":{"line":1,"column":13}}},"fnMap":{"0":{"name":"(anonymous_0)","decl":{"start":{"line":4,"column":4},"end":{"line":4,"column":40}},"loc":{"start":{"line":4,"column":55},"end":{"line":4,"column":59}}},"1":{"name":"(anonymous_1)","decl":{"start":{"line":6,"column":11},"end":{"line":6,"column":14}},"loc":{"start":{"line":6,"column":21},"end":{"line":8,"column":5}}},"2":{"name":"(anonymous_2)","decl":{"start":{"line":10,"column":11},"end":{"line":10,"column":14}},"loc":{"start":{"line":10,"column":21},"end":{"line":12,"column":5}}},"3":{"name":"(anonymous_3)","decl":{"start":{"line":14,"column":11},"end":{"line":14,"column":14}},"loc":{"start":{"line":14,"column":31},"end":{"line":20,"column":5}}},"4":{"name":"(anonymous_4)","decl":{"start":{"line":22,"column":12},"end":{"line":22,"column":20}},"loc":{"start":{"line":22,"column":20},"end":{"line":24,"column":5}}}},"branchMap":{"0":{"loc":{"start":{"line":17,"column":8},"end":{"line":19,"column":null}},"type":"if","locations":[{"start":{"line":17,"column":8},"end":{"line":19,"column":null}},{"start":{"line":17,"column":8},"end":{"line":19,"column":null}}]}},"s":{"0":11,"1":11,"2":4,"3":36,"4":37,"5":37,"6":1,"7":1,"8":4},"f":{"0":11,"1":4,"2":36,"3":37,"4":1},"b":{"0":[1,36]}}
,"D:\\projects\\STH-CORE\\crypto-identities\\src\\hash-algorithms.ts": {"path":"D:\\projects\\STH-CORE\\crypto-identities\\src\\hash-algorithms.ts","statementMap":{"0":{"start":{"line":1,"column":0},"end":{"line":1,"column":68}},"1":{"start":{"line":5,"column":8},"end":{"line":5,"column":56}},"2":{"start":{"line":9,"column":8},"end":{"line":9,"column":51}},"3":{"start":{"line":13,"column":8},"end":{"line":23,"column":null}},"4":{"start":{"line":14,"column":25},"end":{"line":14,"column":35}},"5":{"start":{"line":16,"column":12},"end":{"line":16,"column":26}},"6":{"start":{"line":18,"column":12},"end":{"line":20,"column":null}},"7":{"start":{"line":19,"column":16},"end":{"line":19,"column":48}},"8":{"start":{"line":22,"column":12},"end":{"line":22,"column":34}},"9":{"start":{"line":25,"column":8},"end":{"line":25,"column":53}},"10":{"start":{"line":29,"column":8},"end":{"line":29,"column":54}},"11":{"start":{"line":33,"column":8},"end":{"line":33,"column":54}},"12":{"start":{"line":37,"column":8},"end":{"line":37,"column":71}},"13":{"start":{"line":3,"column":0},"end":{"line":3,"column":13}}},"fnMap":{"0":{"name":"(anonymous_0)","decl":{"start":{"line":4,"column":11},"end":{"line":4,"column":17}},"loc":{"start":{"line":4,"column":51},"end":{"line":6,"column":5}}},"1":{"name":"(anonymous_1)","decl":{"start":{"line":8,"column":11},"end":{"line":8,"column":17}},"loc":{"start":{"line":8,"column":46},"end":{"line":10,"column":5}}},"2":{"name":"(anonymous_2)","decl":{"start":{"line":12,"column":11},"end":{"line":12,"column":17}},"loc":{"start":{"line":12,"column":59},"end":{"line":26,"column":5}}},"3":{"name":"(anonymous_3)","decl":{"start":{"line":28,"column":11},"end":{"line":28,"column":17}},"loc":{"start":{"line":28,"column":49},"end":{"line":30,"column":5}}},"4":{"name":"(anonymous_4)","decl":{"start":{"line":32,"column":11},"end":{"line":32,"column":17}},"loc":{"start":{"line":32,"column":49},"end":{"line":34,"column":5}}},"5":{"name":"(anonymous_5)","decl":{"start":{"line":36,"column":12},"end":{"line":36,"column":18}},"loc":{"start":{"line":36,"column":52},"end":{"line":38,"column":5}}}},"branchMap":{"0":{"loc":{"start":{"line":13,"column":8},"end":{"line":23,"column":null}},"type":"if","locations":[{"start":{"line":13,"column":8},"end":{"line":23,"column":null}},{"start":{"line":13,"column":8},"end":{"line":23,"column":null}}]},"1":{"loc":{"start":{"line":37,"column":42},"end":{"line":37,"column":48}},"type":"cond-expr","locations":[{"start":{"line":37,"column":42},"end":{"line":37,"column":48}},{"start":{"line":37,"column":51},"end":{"line":37,"column":70}}]}},"s":{"0":7,"1":26,"2":1,"3":91,"4":1,"5":1,"6":1,"7":2,"8":1,"9":90,"10":1,"11":26,"12":144,"13":7},"f":{"0":26,"1":1,"2":91,"3":1,"4":26,"5":144},"b":{"0":[1,90],"1":[143,1]}}
,"D:\\projects\\STH-CORE\\crypto-identities\\src\\helpers.ts": {"path":"D:\\projects\\STH-CORE\\crypto-identities\\src\\helpers.ts","statementMap":{"0":{"start":{"line":1,"column":13},"end":{"line":5,"column":2}},"1":{"start":{"line":2,"column":29},"end":{"line":2,"column":53}},"2":{"start":{"line":4,"column":4},"end":{"line":4,"column":60}}},"fnMap":{"0":{"name":"(anonymous_0)","decl":{"start":{"line":1,"column":27},"end":{"line":1,"column":28}},"loc":{"start":{"line":1,"column":64},"end":{"line":5,"column":1}}}},"branchMap":{"0":{"loc":{"start":{"line":1,"column":51},"end":{"line":1,"column":52}},"type":"default-arg","locations":[{"start":{"line":1,"column":51},"end":{"line":1,"column":52}}]}},"s":{"0":4,"1":42,"2":42},"f":{"0":42},"b":{"0":[41]}}
,"D:\\projects\\STH-CORE\\crypto-identities\\src\\keys.ts": {"path":"D:\\projects\\STH-CORE\\crypto-identities\\src\\keys.ts","statementMap":{"0":{"start":{"line":1,"column":0},"end":{"line":1,"column":36}},"1":{"start":{"line":3,"column":0},"end":{"line":3,"column":22}},"2":{"start":{"line":6,"column":0},"end":{"line":6,"column":47}},"3":{"start":{"line":7,"column":0},"end":{"line":7,"column":51}},"4":{"start":{"line":11,"column":8},"end":{"line":11,"column":103}},"5":{"start":{"line":15,"column":8},"end":{"line":15,"column":96}},"6":{"start":{"line":17,"column":8},"end":{"line":21,"column":10}},"7":{"start":{"line":25,"column":52},"end":{"line":25,"column":80}},"8":{"start":{"line":27,"column":8},"end":{"line":29,"column":null}},"9":{"start":{"line":28,"column":12},"end":{"line":28,"column":64}},"10":{"start":{"line":31,"column":8},"end":{"line":35,"column":10}},"11":{"start":{"line":9,"column":0},"end":{"line":9,"column":13}}},"fnMap":{"0":{"name":"(anonymous_1)","decl":{"start":{"line":10,"column":11},"end":{"line":10,"column":17}},"loc":{"start":{"line":10,"column":70},"end":{"line":12,"column":5}}},"1":{"name":"(anonymous_2)","decl":{"start":{"line":14,"column":11},"end":{"line":14,"column":17}},"loc":{"start":{"line":14,"column":79},"end":{"line":22,"column":5}}},"2":{"name":"(anonymous_3)","decl":{"start":{"line":24,"column":11},"end":{"line":24,"column":17}},"loc":{"start":{"line":24,"column":63},"end":{"line":36,"column":5}}}},"branchMap":{"0":{"loc":{"start":{"line":10,"column":66},"end":{"line":10,"column":70}},"type":"default-arg","locations":[{"start":{"line":10,"column":66},"end":{"line":10,"column":70}}]},"1":{"loc":{"start":{"line":14,"column":75},"end":{"line":14,"column":79}},"type":"default-arg","locations":[{"start":{"line":14,"column":75},"end":{"line":14,"column":79}}]},"2":{"loc":{"start":{"line":15,"column":52},"end":{"line":15,"column":62}},"type":"cond-expr","locations":[{"start":{"line":15,"column":52},"end":{"line":15,"column":62}},{"start":{"line":15,"column":65},"end":{"line":15,"column":95}}]},"3":{"loc":{"start":{"line":27,"column":8},"end":{"line":29,"column":null}},"type":"if","locations":[{"start":{"line":27,"column":8},"end":{"line":29,"column":null}},{"start":{"line":27,"column":8},"end":{"line":29,"column":null}}]}},"s":{"0":5,"1":5,"2":5,"3":5,"4":88,"5":89,"6":89,"7":9,"8":8,"9":1,"10":7,"11":5},"f":{"0":88,"1":89,"2":9},"b":{"0":[88],"1":[1],"2":[88,1],"3":[1,7]}}
,"D:\\projects\\STH-CORE\\crypto-identities\\src\\private-key.ts": {"path":"D:\\projects\\STH-CORE\\crypto-identities\\src\\private-key.ts","statementMap":{"0":{"start":{"line":1,"column":0},"end":{"line":1,"column":30}},"1":{"start":{"line":5,"column":8},"end":{"line":5,"column":58}},"2":{"start":{"line":9,"column":8},"end":{"line":9,"column":53}},"3":{"start":{"line":3,"column":0},"end":{"line":3,"column":13}}},"fnMap":{"0":{"name":"(anonymous_0)","decl":{"start":{"line":4,"column":11},"end":{"line":4,"column":17}},"loc":{"start":{"line":4,"column":51},"end":{"line":6,"column":5}}},"1":{"name":"(anonymous_1)","decl":{"start":{"line":8,"column":11},"end":{"line":8,"column":17}},"loc":{"start":{"line":8,"column":63},"end":{"line":10,"column":5}}}},"branchMap":{},"s":{"0":1,"1":1,"2":1,"3":1},"f":{"0":1,"1":1},"b":{}}
,"D:\\projects\\STH-CORE\\crypto-identities\\src\\public-key.ts": {"path":"D:\\projects\\STH-CORE\\crypto-identities\\src\\public-key.ts","statementMap":{"0":{"start":{"line":1,"column":0},"end":{"line":1,"column":36}},"1":{"start":{"line":4,"column":0},"end":{"line":4,"column":75}},"2":{"start":{"line":5,"column":0},"end":{"line":5,"column":40}},"3":{"start":{"line":6,"column":0},"end":{"line":6,"column":30}},"4":{"start":{"line":10,"column":8},"end":{"line":10,"column":57}},"5":{"start":{"line":14,"column":8},"end":{"line":14,"column":52}},"6":{"start":{"line":18,"column":57},"end":{"line":18,"column":62}},"7":{"start":{"line":20,"column":8},"end":{"line":24,"column":null}},"8":{"start":{"line":21,"column":12},"end":{"line":23,"column":null}},"9":{"start":{"line":22,"column":16},"end":{"line":22,"column":52}},"10":{"start":{"line":26,"column":8},"end":{"line":28,"column":null}},"11":{"start":{"line":27,"column":12},"end":{"line":27,"column":56}},"12":{"start":{"line":30,"column":31},"end":{"line":30,"column":73}},"13":{"start":{"line":31,"column":31},"end":{"line":31,"column":54}},"14":{"start":{"line":33,"column":8},"end":{"line":35,"column":29}},"15":{"start":{"line":34,"column":62},"end":{"line":34,"column":91}},"16":{"start":{"line":39,"column":8},"end":{"line":39,"column":72}},"17":{"start":{"line":8,"column":0},"end":{"line":8,"column":13}}},"fnMap":{"0":{"name":"(anonymous_0)","decl":{"start":{"line":9,"column":11},"end":{"line":9,"column":17}},"loc":{"start":{"line":9,"column":51},"end":{"line":11,"column":5}}},"1":{"name":"(anonymous_1)","decl":{"start":{"line":13,"column":11},"end":{"line":13,"column":17}},"loc":{"start":{"line":13,"column":63},"end":{"line":15,"column":5}}},"2":{"name":"(anonymous_2)","decl":{"start":{"line":17,"column":11},"end":{"line":17,"column":17}},"loc":{"start":{"line":17,"column":68},"end":{"line":36,"column":5}}},"3":{"name":"(anonymous_3)","decl":{"start":{"line":34,"column":39},"end":{"line":34,"column":40}},"loc":{"start":{"line":34,"column":62},"end":{"line":34,"column":91}}},"4":{"name":"(anonymous_4)","decl":{"start":{"line":38,"column":11},"end":{"line":38,"column":17}},"loc":{"start":{"line":38,"column":42},"end":{"line":40,"column":5}}}},"branchMap":{"0":{"loc":{"start":{"line":21,"column":12},"end":{"line":23,"column":null}},"type":"if","locations":[{"start":{"line":21,"column":12},"end":{"line":23,"column":null}},{"start":{"line":21,"column":12},"end":{"line":23,"column":null}}]},"1":{"loc":{"start":{"line":26,"column":8},"end":{"line":28,"column":null}},"type":"if","locations":[{"start":{"line":26,"column":8},"end":{"line":28,"column":null}},{"start":{"line":26,"column":8},"end":{"line":28,"column":null}}]},"2":{"loc":{"start":{"line":26,"column":12},"end":{"line":26,"column":19}},"type":"binary-expr","locations":[{"start":{"line":26,"column":12},"end":{"line":26,"column":19}},{"start":{"line":26,"column":23},"end":{"line":26,"column":46}}]}},"s":{"0":3,"1":3,"2":3,"3":3,"4":82,"5":3,"6":44,"7":44,"8":482,"9":2,"10":42,"11":4,"12":38,"13":38,"14":38,"15":512,"16":525,"17":3},"f":{"0":82,"1":3,"2":44,"3":512,"4":525},"b":{"0":[2,480],"1":[4,38],"2":[42,42]}}
,"D:\\projects\\STH-CORE\\crypto-identities\\src\\wif.ts": {"path":"D:\\projects\\STH-CORE\\crypto-identities\\src\\wif.ts","statementMap":{"0":{"start":{"line":2,"column":0},"end":{"line":2,"column":22}},"1":{"start":{"line":5,"column":0},"end":{"line":5,"column":30}},"2":{"start":{"line":9,"column":52},"end":{"line":9,"column":83}},"3":{"start":{"line":11,"column":8},"end":{"line":11,"column":83}},"4":{"start":{"line":15,"column":8},"end":{"line":15,"column":93}},"5":{"start":{"line":7,"column":0},"end":{"line":7,"column":13}}},"fnMap":{"0":{"name":"(anonymous_1)","decl":{"start":{"line":8,"column":11},"end":{"line":8,"column":17}},"loc":{"start":{"line":8,"column":77},"end":{"line":12,"column":5}}},"1":{"name":"(anonymous_2)","decl":{"start":{"line":14,"column":11},"end":{"line":14,"column":17}},"loc":{"start":{"line":14,"column":66},"end":{"line":16,"column":5}}}},"branchMap":{},"s":{"0":1,"1":1,"2":1,"3":1,"4":1,"5":1},"f":{"0":1,"1":1},"b":{}}
}
