TN:
SF:src\address.ts
FN:9,(anonymous_0)
FN:13,(anonymous_1)
FN:27,(anonymous_2)
FN:31,(anonymous_3)
FN:35,(anonymous_4)
FN:39,(anonymous_5)
FN:43,(anonymous_6)
FN:59,(anonymous_7)
FNF:8
FNH:8
FNDA:1,(anonymous_0)
FNDA:23,(anonymous_1)
FNDA:2,(anonymous_2)
FNDA:19,(anonymous_3)
FNDA:1,(anonymous_4)
FNDA:23,(anonymous_5)
FNDA:3,(anonymous_6)
FNDA:4,(anonymous_7)
DA:1,2
DA:3,2
DA:4,2
DA:6,2
DA:8,2
DA:10,1
DA:14,23
DA:15,1
DA:18,22
DA:19,22
DA:21,22
DA:22,22
DA:24,22
DA:28,2
DA:32,19
DA:36,1
DA:40,23
DA:47,3
DA:48,3
DA:52,3
DA:53,1
DA:56,3
DA:60,4
DA:61,4
DA:63,1
LF:25
LH:25
BRDA:14,0,0,1
BRDA:14,0,1,22
BRDA:52,1,0,1
BRDA:52,1,1,2
BRF:4
BRH:4
end_of_record
TN:
SF:src\base58.ts
FN:8,(anonymous_1)
FN:14,(anonymous_2)
FN:30,(anonymous_3)
FN:38,(anonymous_4)
FNF:4
FNH:4
FNDA:19,(anonymous_1)
FNDA:7,(anonymous_2)
FNDA:3,(anonymous_3)
FNDA:3,(anonymous_4)
DA:1,3
DA:2,3
DA:4,3
DA:5,3
DA:6,3
DA:8,3
DA:9,19
DA:11,19
DA:14,3
DA:15,7
DA:16,6
DA:17,6
DA:19,6
DA:20,1
DA:23,5
DA:26,3
DA:31,3
DA:39,3
LF:18
LH:18
BRDA:19,0,0,1
BRDA:19,0,1,5
BRF:2
BRH:2
end_of_record
TN:
SF:src\cache.ts
FN:4,(anonymous_0)
FN:6,(anonymous_1)
FN:10,(anonymous_2)
FN:14,(anonymous_3)
FN:22,(anonymous_4)
FNF:5
FNH:5
FNDA:11,(anonymous_0)
FNDA:4,(anonymous_1)
FNDA:36,(anonymous_2)
FNDA:37,(anonymous_3)
FNDA:1,(anonymous_4)
DA:1,4
DA:2,11
DA:4,11
DA:7,4
DA:11,36
DA:15,37
DA:17,37
DA:18,1
DA:23,1
LF:9
LH:9
BRDA:17,0,0,1
BRDA:17,0,1,36
BRF:2
BRH:2
end_of_record
TN:
SF:src\hash-algorithms.ts
FN:4,(anonymous_0)
FN:8,(anonymous_1)
FN:12,(anonymous_2)
FN:28,(anonymous_3)
FN:32,(anonymous_4)
FN:36,(anonymous_5)
FNF:6
FNH:6
FNDA:26,(anonymous_0)
FNDA:1,(anonymous_1)
FNDA:91,(anonymous_2)
FNDA:1,(anonymous_3)
FNDA:26,(anonymous_4)
FNDA:144,(anonymous_5)
DA:1,7
DA:3,7
DA:5,26
DA:9,1
DA:13,91
DA:14,1
DA:16,1
DA:18,1
DA:19,2
DA:22,1
DA:25,90
DA:29,1
DA:33,26
DA:37,144
LF:14
LH:14
BRDA:13,0,0,1
BRDA:13,0,1,90
BRDA:37,1,0,143
BRDA:37,1,1,1
BRF:4
BRH:4
end_of_record
TN:
SF:src\helpers.ts
FN:1,(anonymous_0)
FNF:1
FNH:1
FNDA:42,(anonymous_0)
DA:1,4
DA:2,42
DA:4,42
LF:3
LH:3
BRDA:1,0,0,41
BRF:1
BRH:1
end_of_record
TN:
SF:src\keys.ts
FN:10,(anonymous_1)
FN:14,(anonymous_2)
FN:24,(anonymous_3)
FNF:3
FNH:3
FNDA:88,(anonymous_1)
FNDA:89,(anonymous_2)
FNDA:9,(anonymous_3)
DA:1,5
DA:3,5
DA:6,5
DA:7,5
DA:9,5
DA:11,88
DA:15,89
DA:17,89
DA:25,9
DA:27,8
DA:28,1
DA:31,7
LF:12
LH:12
BRDA:10,0,0,88
BRDA:14,1,0,1
BRDA:15,2,0,88
BRDA:15,2,1,1
BRDA:27,3,0,1
BRDA:27,3,1,7
BRF:6
BRH:6
end_of_record
TN:
SF:src\private-key.ts
FN:4,(anonymous_0)
FN:8,(anonymous_1)
FNF:2
FNH:2
FNDA:1,(anonymous_0)
FNDA:1,(anonymous_1)
DA:1,1
DA:3,1
DA:5,1
DA:9,1
LF:4
LH:4
BRF:0
BRH:0
end_of_record
TN:
SF:src\public-key.ts
FN:9,(anonymous_0)
FN:13,(anonymous_1)
FN:17,(anonymous_2)
FN:34,(anonymous_3)
FN:38,(anonymous_4)
FNF:5
FNH:5
FNDA:82,(anonymous_0)
FNDA:3,(anonymous_1)
FNDA:44,(anonymous_2)
FNDA:512,(anonymous_3)
FNDA:525,(anonymous_4)
DA:1,3
DA:4,3
DA:5,3
DA:6,3
DA:8,3
DA:10,82
DA:14,3
DA:18,44
DA:20,44
DA:21,482
DA:22,2
DA:26,42
DA:27,4
DA:30,38
DA:31,38
DA:33,38
DA:34,512
DA:39,525
LF:18
LH:18
BRDA:21,0,0,2
BRDA:21,0,1,480
BRDA:26,1,0,4
BRDA:26,1,1,38
BRDA:26,2,0,42
BRDA:26,2,1,42
BRF:6
BRH:6
end_of_record
TN:
SF:src\wif.ts
FN:8,(anonymous_1)
FN:14,(anonymous_2)
FNF:2
FNH:2
FNDA:1,(anonymous_1)
FNDA:1,(anonymous_2)
DA:2,1
DA:5,1
DA:7,1
DA:9,1
DA:11,1
DA:15,1
LF:6
LH:6
BRF:0
BRH:0
end_of_record
